[    0.000000] Linux version 4.15.0-194-generic (buildd@lcy02-amd64-052) (gcc version 7.5.0 (Ubuntu 7.5.0-3ubuntu1~18.04)) #205-Ubuntu SMP Fri Sep 16 19:49:27 UTC 2022 (Ubuntu 4.15.0-194.205-generic 4.15.18)
[    0.000000] Command line: BOOT_IMAGE=/boot/vmlinuz-4.15.0-194-generic root=LABEL=cloudimg-rootfs ro console=tty1 console=ttyS0
[    0.000000] KERNEL supported cpus:
[    0.000000]   Intel GenuineIntel
[    0.000000]   AMD AuthenticAMD
[    0.000000]   Centaur CentaurHauls
[    0.000000] [Firmware Bug]: TSC doesn't count with P0 frequency!
[    0.000000] x86/fpu: Supporting XSAVE feature 0x001: 'x87 floating point registers'
[    0.000000] x86/fpu: Supporting XSAVE feature 0x002: 'SSE registers'
[    0.000000] x86/fpu: Supporting XSAVE feature 0x004: 'AVX registers'
[    0.000000] x86/fpu: xstate_offset[2]:  576, xstate_sizes[2]:  256
[    0.000000] x86/fpu: Enabled xstate features 0x7, context size is 832 bytes, using 'standard' format.
[    0.000000] e820: BIOS-provided physical RAM map:
[    0.000000] BIOS-e820: [mem 0x0000000000000000-0x000000000009fbff] usable
[    0.000000] BIOS-e820: [mem 0x000000000009fc00-0x000000000009ffff] reserved
[    0.000000] BIOS-e820: [mem 0x00000000000f0000-0x00000000000fffff] reserved
[    0.000000] BIOS-e820: [mem 0x0000000000100000-0x000000003ffeffff] usable
[    0.000000] BIOS-e820: [mem 0x000000003fff0000-0x000000003fffffff] ACPI data
[    0.000000] BIOS-e820: [mem 0x00000000fec00000-0x00000000fec00fff] reserved
[    0.000000] BIOS-e820: [mem 0x00000000fee00000-0x00000000fee00fff] reserved
[    0.000000] BIOS-e820: [mem 0x00000000fffc0000-0x00000000ffffffff] reserved
[    0.000000] NX (Execute Disable) protection: active
[    0.000000] SMBIOS 2.5 present.
[    0.000000] DMI: innotek GmbH VirtualBox/VirtualBox, BIOS VirtualBox 12/01/2006
[    0.000000] Hypervisor detected: KVM
[    0.000000] e820: last_pfn = 0x3fff0 max_arch_pfn = 0x400000000
[    0.000000] MTRR: Disabled
[    0.000000] x86/PAT: MTRRs disabled, skipping PAT initialization too.
[    0.000000] CPU MTRRs all blank - virtualized system.
[    0.000000] x86/PAT: Configuration [0-7]: WB  WT  UC- UC  WB  WT  UC- UC  
[    0.000000] found SMP MP-table at [mem 0x0009fff0-0x0009ffff]
[    0.000000] Scanning 1 areas for low memory corruption
[    0.000000] RAMDISK: [mem 0x359cb000-0x36cdcfff]
[    0.000000] ACPI: Early table checksum verification disabled
[    0.000000] ACPI: RSDP 0x00000000000E0000 000024 (v02 VBOX  )
[    0.000000] ACPI: XSDT 0x000000003FFF0030 00003C (v01 VBOX   VBOXXSDT 00000001 ASL  00000061)
[    0.000000] ACPI: FACP 0x000000003FFF00F0 0000F4 (v04 VBOX   VBOXFACP 00000001 ASL  00000061)
[    0.000000] ACPI: DSDT 0x000000003FFF0470 002325 (v02 VBOX   VBOXBIOS 00000002 INTL 20100528)
[    0.000000] ACPI: FACS 0x000000003FFF0200 000040
[    0.000000] ACPI: FACS 0x000000003FFF0200 000040
[    0.000000] ACPI: APIC 0x000000003FFF0240 00005C (v02 VBOX   VBOXAPIC 00000001 ASL  00000061)
[    0.000000] ACPI: SSDT 0x000000003FFF02A0 0001CC (v01 VBOX   VBOXCPUT 00000002 INTL 20100528)
[    0.000000] ACPI: Reserving FACP table memory at [mem 0x3fff00f0-0x3fff01e3]
[    0.000000] ACPI: Reserving DSDT table memory at [mem 0x3fff0470-0x3fff2794]
[    0.000000] ACPI: Reserving FACS table memory at [mem 0x3fff0200-0x3fff023f]
[    0.000000] ACPI: Reserving FACS table memory at [mem 0x3fff0200-0x3fff023f]
[    0.000000] ACPI: Reserving APIC table memory at [mem 0x3fff0240-0x3fff029b]
[    0.000000] ACPI: Reserving SSDT table memory at [mem 0x3fff02a0-0x3fff046b]
[    0.000000] No NUMA configuration found
[    0.000000] Faking a node at [mem 0x0000000000000000-0x000000003ffeffff]
[    0.000000] NODE_DATA(0) allocated [mem 0x3ffc5000-0x3ffeffff]
[    0.000000] kvm-clock: cpu 0, msr 0:3ff44001, primary cpu clock
[    0.000000] kvm-clock: Using msrs 4b564d01 and 4b564d00
[    0.000000] kvm-clock: using sched offset of 3631172337 cycles
[    0.000000] clocksource: kvm-clock: mask: 0xffffffffffffffff max_cycles: 0x1cd42e4dffb, max_idle_ns: 881590591483 ns
[    0.000000] Zone ranges:
[    0.000000]   DMA      [mem 0x0000000000001000-0x0000000000ffffff]
[    0.000000]   DMA32    [mem 0x0000000001000000-0x000000003ffeffff]
[    0.000000]   Normal   empty
[    0.000000]   Device   empty
[    0.000000] Movable zone start for each node
[    0.000000] Early memory node ranges
[    0.000000]   node   0: [mem 0x0000000000001000-0x000000000009efff]
[    0.000000]   node   0: [mem 0x0000000000100000-0x000000003ffeffff]
[    0.000000] Reserved but unavailable: 104 pages
[    0.000000] Initmem setup node 0 [mem 0x0000000000001000-0x000000003ffeffff]
[    0.000000] ACPI: PM-Timer IO Port: 0x4008
[    0.000000] IOAPIC[0]: apic_id 2, version 32, address 0xfec00000, GSI 0-23
[    0.000000] ACPI: INT_SRC_OVR (bus 0 bus_irq 0 global_irq 2 dfl dfl)
[    0.000000] ACPI: INT_SRC_OVR (bus 0 bus_irq 9 global_irq 9 low level)
[    0.000000] Using ACPI (MADT) for SMP configuration information
[    0.000000] smpboot: Allowing 2 CPUs, 0 hotplug CPUs
[    0.000000] PM: Registered nosave memory: [mem 0x00000000-0x00000fff]
[    0.000000] PM: Registered nosave memory: [mem 0x0009f000-0x0009ffff]
[    0.000000] PM: Registered nosave memory: [mem 0x000a0000-0x000effff]
[    0.000000] PM: Registered nosave memory: [mem 0x000f0000-0x000fffff]
[    0.000000] e820: [mem 0x40000000-0xfebfffff] available for PCI devices
[    0.000000] Booting paravirtualized kernel on KVM
[    0.000000] clocksource: refined-jiffies: mask: 0xffffffff max_cycles: 0xffffffff, max_idle_ns: 7645519600211568 ns
[    0.000000] setup_percpu: NR_CPUS:8192 nr_cpumask_bits:2 nr_cpu_ids:2 nr_node_ids:1
[    0.000000] percpu: Embedded 50 pages/cpu s167936 r8192 d28672 u1048576
[    0.000000] PV qspinlock hash table entries: 256 (order: 0, 4096 bytes)
[    0.000000] Built 1 zonelists, mobility grouping on.  Total pages: 257913
[    0.000000] Policy zone: DMA32
[    0.000000] Kernel command line: BOOT_IMAGE=/boot/vmlinuz-4.15.0-194-generic root=LABEL=cloudimg-rootfs ro console=tty1 console=ttyS0
[    0.000000] Memory: 982652K/1048120K available (12300K kernel code, 2477K rwdata, 4320K rodata, 2472K init, 2720K bss, 65468K reserved, 0K cma-reserved)
[    0.000000] SLUB: HWalign=64, Order=0-3, MinObjects=0, CPUs=2, Nodes=1
[    0.000000] ftrace: allocating 39477 entries in 155 pages
[    0.004000] Hierarchical RCU implementation.
[    0.004000] 	RCU restricting CPUs from NR_CPUS=8192 to nr_cpu_ids=2.
[    0.004000] 	Tasks RCU enabled.
[    0.004000] RCU: Adjusting geometry for rcu_fanout_leaf=16, nr_cpu_ids=2
[    0.004000] NR_IRQS: 524544, nr_irqs: 440, preallocated irqs: 16
[    0.004000] random: crng init done
[    0.004000] Console: colour VGA+ 80x25
[    0.004000] console [tty1] enabled
[    0.004000] console [ttyS0] enabled
[    0.004000] ACPI: Core revision 20170831
[    0.004000] ACPI: 2 ACPI AML tables successfully acquired and loaded
[    0.004000] APIC: Switch to symmetric I/O mode setup
[    0.004000] x2apic enabled
[    0.004000] Switched APIC routing to physical x2apic.
[    0.004000] ..TIMER: vector=0x30 apic1=0 pin1=2 apic2=-1 pin2=-1
[    0.004000] tsc: Detected 2096.064 MHz processor
[    0.004000] Calibrating delay loop (skipped) preset value.. 4192.12 BogoMIPS (lpj=8384256)
[    0.004000] pid_max: default: 32768 minimum: 301
[    0.004000] Security Framework initialized
[    0.004000] Yama: becoming mindful.
[    0.004000] AppArmor: AppArmor initialized
[    0.004000] Dentry cache hash table entries: 131072 (order: 8, 1048576 bytes)
[    0.004000] Inode-cache hash table entries: 65536 (order: 7, 524288 bytes)
[    0.004000] Mount-cache hash table entries: 2048 (order: 2, 16384 bytes)
[    0.004000] Mountpoint-cache hash table entries: 2048 (order: 2, 16384 bytes)
[    0.004000] Last level iTLB entries: 4KB 1024, 2MB 1024, 4MB 512
[    0.004000] Last level dTLB entries: 4KB 1536, 2MB 1536, 4MB 768, 1GB 0
[    0.004000] Spectre V1 : Mitigation: usercopy/swapgs barriers and __user pointer sanitization
[    0.004000] Spectre V2 : Mitigation: Retpolines
[    0.004000] Spectre V2 : Spectre v2 / SpectreRSB mitigation: Filling RSB on context switch
[    0.004000] Speculative Store Bypass: Mitigation: Speculative Store Bypass disabled via prctl and seccomp
[    0.004000] Freeing SMP alternatives memory: 36K
[    0.135985] APIC calibration not consistent with PM-Timer: 111ms instead of 100ms
[    0.136000] APIC delta adjusted to PM-Timer: 6393814 (7160224)
[    0.136057] smpboot: CPU0: AMD Ryzen 5 3500U with Radeon Vega Mobile Gfx (family: 0x17, model: 0x18, stepping: 0x1)
[    0.137511] Performance Events: PMU not available due to virtualization, using software events only.
[    0.138704] Hierarchical SRCU implementation.
[    0.139775] NMI watchdog: Perf event create on CPU 0 failed with -2
[    0.140000] NMI watchdog: Perf NMI watchdog permanently disabled
[    0.140045] smp: Bringing up secondary CPUs ...
[    0.140715] x86: Booting SMP configuration:
[    0.141280] .... node  #0, CPUs:      #1
[    0.004000] kvm-clock: cpu 1, msr 0:3ff44041, secondary cpu clock
[    0.144024] smp: Brought up 1 node, 2 CPUs
[    0.144548] smpboot: Max logical packages: 1
[    0.145101] smpboot: Total of 2 processors activated (8384.25 BogoMIPS)
[    0.148105] devtmpfs: initialized
[    0.148831] x86/mm: Memory block size: 128MB
[    0.149935] evm: security.selinux
[    0.149935] evm: security.SMACK64
[    0.149935] evm: security.SMACK64EXEC
[    0.149935] evm: security.SMACK64TRANSMUTE
[    0.150017] evm: security.SMACK64MMAP
[    0.150629] evm: security.apparmor
[    0.151100] evm: security.ima
[    0.152001] evm: security.capability
[    0.152513] clocksource: jiffies: mask: 0xffffffff max_cycles: 0xffffffff, max_idle_ns: 7645041785100000 ns
[    0.153263] futex hash table entries: 512 (order: 3, 32768 bytes)
[    0.156078] pinctrl core: initialized pinctrl subsystem
[    0.156893] RTC time: 14:24:38, date: 02/17/23
[    0.157662] NET: Registered protocol family 16
[    0.158322] audit: initializing netlink subsys (disabled)
[    0.160031] audit: type=2000 audit(1676643883.917:1): state=initialized audit_enabled=0 res=1
[    0.160196] cpuidle: using governor ladder
[    0.160556] cpuidle: using governor menu
[    0.160745] ACPI: bus type PCI registered
[    0.164008] acpiphp: ACPI Hot Plug PCI Controller Driver version: 0.5
[    0.164910] PCI: Using configuration type 1 for base access
[    0.165632] PCI: Using configuration type 1 for extended access
[    0.168017] HugeTLB registered 2.00 MiB page size, pre-allocated 0 pages
[    0.168867] ACPI: Added _OSI(Module Device)
[    0.168867] ACPI: Added _OSI(Processor Device)
[    0.168867] ACPI: Added _OSI(3.0 _SCP Extensions)
[    0.168867] ACPI: Added _OSI(Processor Aggregator Device)
[    0.169259] ACPI: Added _OSI(Linux-Dell-Video)
[    0.169834] ACPI: Added _OSI(Linux-Lenovo-NV-HDMI-Audio)
[    0.170493] ACPI: Added _OSI(Linux-HPI-Hybrid-Graphics)
[    0.171386] ACPI: Executed 1 blocks of module-level executable AML code
[    0.174772] ACPI: Interpreter enabled
[    0.175269] ACPI: (supports S0 S5)
[    0.175749] ACPI: Using IOAPIC for interrupt routing
[    0.176210] PCI: Using host bridge windows from ACPI; if necessary, use "pci=nocrs" and report a bug
[    0.177463] ACPI: Enabled 2 GPEs in block 00 to 07
[    0.184225] ACPI: PCI Root Bridge [PCI0] (domain 0000 [bus 00-ff])
[    0.185005] acpi PNP0A03:00: _OSC: OS supports [ExtendedConfig ASPM ClockPM Segments MSI]
[    0.186930] acpi PNP0A03:00: _OSC: platform does not support [PCIeCapability]
[    0.188000] acpi PNP0A03:00: _OSC: not requesting control; platform does not support [PCIeCapability]
[    0.188004] acpi PNP0A03:00: _OSC: OS requested [PCIeHotplug PME AER PCIeCapability]
[    0.188973] acpi PNP0A03:00: _OSC: platform willing to grant [PCIeHotplug PME AER]
[    0.190430] acpi PNP0A03:00: _OSC failed (AE_SUPPORT); disabling ASPM
[    0.192096] PCI host bridge to bus 0000:00
[    0.192631] pci_bus 0000:00: root bus resource [io  0x0000-0x0cf7 window]
[    0.193459] pci_bus 0000:00: root bus resource [io  0x0d00-0xffff window]
[    0.194297] pci_bus 0000:00: root bus resource [mem 0x000a0000-0x000bffff window]
[    0.195283] pci_bus 0000:00: root bus resource [mem 0x40000000-0xfdffffff window]
[    0.196000] pci_bus 0000:00: root bus resource [bus 00-ff]
[    0.197696] pci 0000:00:01.1: legacy IDE quirk: reg 0x10: [io  0x01f0-0x01f7]
[    0.200006] pci 0000:00:01.1: legacy IDE quirk: reg 0x14: [io  0x03f6]
[    0.201015] pci 0000:00:01.1: legacy IDE quirk: reg 0x18: [io  0x0170-0x0177]
[    0.201893] pci 0000:00:01.1: legacy IDE quirk: reg 0x1c: [io  0x0376]
[    0.217859] pci 0000:00:07.0: quirk: [io  0x4000-0x403f] claimed by PIIX4 ACPI
[    0.218886] pci 0000:00:07.0: quirk: [io  0x4100-0x410f] claimed by PIIX4 SMB
[    0.230303] ACPI: PCI Interrupt Link [LNKA] (IRQs 5 9 10 *11)
[    0.231397] ACPI: PCI Interrupt Link [LNKB] (IRQs 5 9 *10 11)
[    0.232146] ACPI: PCI Interrupt Link [LNKC] (IRQs 5 *9 10 11)
[    0.233134] ACPI: PCI Interrupt Link [LNKD] (IRQs 5 9 10 *11)
[    0.234275] SCSI subsystem initialized
[    0.236044] pci 0000:00:02.0: vgaarb: setting as boot VGA device
[    0.236805] pci 0000:00:02.0: vgaarb: VGA device added: decodes=io+mem,owns=io+mem,locks=none
[    0.236805] pci 0000:00:02.0: vgaarb: bridge control possible
[    0.236805] vgaarb: loaded
[    0.237178] ACPI: bus type USB registered
[    0.237734] usbcore: registered new interface driver usbfs
[    0.238463] usbcore: registered new interface driver hub
[    0.240011] usbcore: registered new device driver usb
[    0.240729] EDAC MC: Ver: 3.0.0
[    0.244046] PCI: Using ACPI for IRQ routing
[    0.244832] NetLabel: Initializing
[    0.245316] NetLabel:  domain hash size = 128
[    0.245893] NetLabel:  protocols = UNLABELED CIPSOv4 CALIPSO
[    0.246635] NetLabel:  unlabeled traffic allowed by default
[    0.247385] clocksource: Switched to clocksource kvm-clock
[    0.258061] VFS: Disk quotas dquot_6.6.0
[    0.258677] VFS: Dquot-cache hash table entries: 512 (order 0, 4096 bytes)
[    0.259670] AppArmor: AppArmor Filesystem Enabled
[    0.260364] pnp: PnP ACPI init
[    0.261744] pnp: PnP ACPI: found 3 devices
[    0.271361] clocksource: acpi_pm: mask: 0xffffff max_cycles: 0xffffff, max_idle_ns: 2085701024 ns
[    0.273037] NET: Registered protocol family 2
[    0.275186] IP idents hash table entries: 16384 (order: 5, 131072 bytes)
[    0.276421] TCP established hash table entries: 8192 (order: 4, 65536 bytes)
[    0.277381] TCP bind hash table entries: 8192 (order: 5, 131072 bytes)
[    0.278263] TCP: Hash tables configured (established 8192 bind 8192)
[    0.279063] UDP hash table entries: 512 (order: 2, 16384 bytes)
[    0.279795] UDP-Lite hash table entries: 512 (order: 2, 16384 bytes)
[    0.280747] NET: Registered protocol family 1
[    0.281315] pci 0000:00:00.0: Limiting direct PCI/PCI transfers
[    0.282057] pci 0000:00:01.0: Activating ISA DMA hang workarounds
[    0.282859] pci 0000:00:02.0: Video device with shadowed ROM at [mem 0x000c0000-0x000dffff]
[    0.283973] Unpacking initramfs...
[    0.572099] Freeing initrd memory: 19528K
[    0.573031] clocksource: tsc: mask: 0xffffffffffffffff max_cycles: 0x1e36aa4f9f7, max_idle_ns: 440795294663 ns
[    0.574481] platform rtc_cmos: registered platform RTC device (no PNP device found)
[    0.575555] Scanning for low memory corruption every 60 seconds
[    0.577070] Initialise system trusted keyrings
[    0.577726] Key type blacklist registered
[    0.578431] workingset: timestamp_bits=36 max_order=18 bucket_order=0
[    0.580097] zbud: loaded
[    0.580993] squashfs: version 4.0 (2009/01/31) Phillip Lougher
[    0.581999] fuse init (API version 7.26)
[    0.586686] Key type asymmetric registered
[    0.587449] Asymmetric key parser 'x509' registered
[    0.588196] Block layer SCSI generic (bsg) driver version 0.4 loaded (major 246)
[    0.589272] io scheduler noop registered
[    0.589815] io scheduler deadline registered
[    0.590406] io scheduler cfq registered (default)
[    0.591323] ACPI: AC Adapter [AC] (off-line)
[    0.591976] input: Power Button as /devices/LNXSYSTM:00/LNXPWRBN:00/input/input0
[    0.592946] ACPI: Power Button [PWRF]
[    0.593489] input: Sleep Button as /devices/LNXSYSTM:00/LNXSLPBN:00/input/input1
[    0.594436] ACPI: Sleep Button [SLPF]
[    0.595231] Serial: 8250/16550 driver, 32 ports, IRQ sharing enabled
[    0.595799] ACPI: Battery Slot [BAT0] (battery present)
[    0.617438] 00:02: ttyS0 at I/O 0x3f8 (irq = 4, base_baud = 115200) is a 16550A
[    0.622049] Linux agpgart interface v0.103
[    0.625206] loop: module loaded
[    0.626278] scsi host0: ata_piix
[    0.627160] scsi host1: ata_piix
[    0.627667] ata1: PATA max UDMA/33 cmd 0x1f0 ctl 0x3f6 bmdma 0xd000 irq 14
[    0.628528] ata2: PATA max UDMA/33 cmd 0x170 ctl 0x376 bmdma 0xd008 irq 15
[    0.629635] tun: Universal TUN/TAP device driver, 1.6
[    0.630394] PPP generic driver version 2.4.2
[    0.631052] ehci_hcd: USB 2.0 'Enhanced' Host Controller (EHCI) Driver
[    0.631839] ehci-pci: EHCI PCI platform driver
[    0.632547] ehci-platform: EHCI generic platform driver
[    0.633451] ohci_hcd: USB 1.1 'Open' Host Controller (OHCI) Driver
[    0.634427] ohci-pci: OHCI PCI platform driver
[    0.635176] ohci-platform: OHCI generic platform driver
[    0.636066] uhci_hcd: USB Universal Host Controller Interface driver
[    0.637155] i8042: PNP: PS/2 Controller [PNP0303:PS2K,PNP0f03:PS2M] at 0x60,0x64 irq 1,12
[    0.638861] serio: i8042 KBD port at 0x60,0x64 irq 1
[    0.639916] serio: i8042 AUX port at 0x60,0x64 irq 12
[    0.641151] mousedev: PS/2 mouse device common for all mice
[    0.643045] input: AT Translated Set 2 keyboard as /devices/platform/i8042/serio0/input/input2
[    0.644389] rtc_cmos rtc_cmos: rtc core: registered rtc_cmos as rtc0
[    0.645929] rtc_cmos rtc_cmos: alarms up to one day, 114 bytes nvram
[    0.646946] i2c /dev entries driver
[    0.647565] device-mapper: uevent: version 1.0.3
[    0.648405] device-mapper: ioctl: 4.37.0-ioctl (2017-09-20) initialised: dm-devel@redhat.com
[    0.649893] ledtrig-cpu: registered to indicate activity on CPUs
[    0.651343] NET: Registered protocol family 10
[    0.655380] Segment Routing with IPv6
[    0.655960] NET: Registered protocol family 17
[    0.656698] Key type dns_resolver registered
[    0.657641] mce: Using 0 MCE banks
[    0.658262] RAS: Correctable Errors collector initialized.
[    0.659179] sched_clock: Marking stable (657609525, 0)->(805723473, -148113948)
[    0.660693] registered taskstats version 1
[    0.661267] Loading compiled-in X.509 certificates
[    0.663849] Loaded X.509 cert 'Build time autogenerated kernel key: 6303a3b02fa1c7713b8a75ba7ba622fabd5dd271'
[    0.665974] Loaded X.509 cert 'Canonical Ltd. Live Patch Signing: 14df34d1a87cf37625abec039ef2bf521249b969'
[    0.667755] Loaded X.509 cert 'Canonical Ltd. Kernel Module Signing: 88f752e560a1e0737e31163a466ad7b70a850c19'
[    0.669096] blacklist: Loading compiled-in revocation X.509 certificates
[    0.669992] Loaded X.509 cert 'Canonical Ltd. Secure Boot Signing: 61482aa2830d0ab2ad5af10b7250da9033ddcef0'
[    0.671214] zswap: loaded using pool lzo/zbud
[    0.674474] Key type big_key registered
[    0.674995] Key type trusted registered
[    0.676872] Key type encrypted registered
[    0.677548] AppArmor: AppArmor sha1 policy hashing enabled
[    0.678426] ima: No TPM chip found, activating TPM-bypass! (rc=-19)
[    0.679399] ima: Allocated hash algorithm: sha1
[    0.680143] evm: HMAC attrs: 0x1
[    0.681002]   Magic number: 11:112:435
[    0.681722] rtc_cmos rtc_cmos: setting system clock to 2023-02-17 14:24:39 UTC (1676643879)
[    0.683067] BIOS EDD facility v0.16 2004-Jun-25, 0 devices found
[    0.683921] EDD information not available.
[    0.825188] Freeing unused kernel image memory: 2472K
[    0.852474] Write protecting the kernel read-only data: 20480k
[    0.855827] Freeing unused kernel image memory: 2008K
[    0.858145] Freeing unused kernel image memory: 1824K
[    0.877660] x86/mm: Checked W+X mappings: passed, no W+X pages found.
Loading, please wait...
starting version 237
[    1.001829] e1000: Intel(R) PRO/1000 Network Driver - version 7.3.21-k8-NAPI
[    1.004571] e1000: Copyright (c) 1999-2006 Intel Corporation.
[    1.030148] Fusion MPT base driver 3.04.20
[    1.030840] Copyright (c) 1999-2008 LSI Corporation
[    1.039040] Fusion MPT SPI Host driver 3.04.20
[    1.040527] AVX2 version of gcm_enc/dec engaged.
[    1.041158] AES CTR mode by8 optimization enabled
[    1.256235] input: ImExPS/2 Generic Explorer Mouse as /devices/platform/i8042/serio1/input/input4
[    1.599572] e1000 0000:00:03.0 eth0: (PCI:33MHz:32-bit) 02:cf:fd:ba:38:06
[    1.601961] e1000 0000:00:03.0 eth0: Intel(R) PRO/1000 Network Connection
[    1.606187] mptbase: ioc0: Initiating bringup
[    2.220550] ioc0: LSI53C1030 A0: Capabilities={Initiator}
[    5.208953] scsi host2: ioc0: LSI53C1030 A0, FwRev=00000000h, Ports=1, MaxQ=256, IRQ=20
[    5.389377] scsi 2:0:0:0: Direct-Access     VBOX     HARDDISK         1.0  PQ: 0 ANSI: 5
[    5.424384] scsi target2:0:0: Beginning Domain Validation
[    5.430307] scsi target2:0:0: Domain Validation skipping write tests
[    5.433004] scsi target2:0:0: Ending Domain Validation
[    5.435298] scsi target2:0:0: asynchronous
[    5.438335] scsi 2:0:1:0: Direct-Access     VBOX     HARDDISK         1.0  PQ: 0 ANSI: 5
[    5.744547] scsi target2:0:1: Beginning Domain Validation
[    5.747363] scsi target2:0:1: Domain Validation skipping write tests
[    5.748422] scsi target2:0:1: Ending Domain Validation
[    5.750011] scsi target2:0:1: asynchronous
[    5.756581] sd 2:0:0:0: Attached scsi generic sg0 type 0
[    5.758591] sd 2:0:0:0: [sda] 83886080 512-byte logical blocks: (42.9 GB/40.0 GiB)
[    5.759871] sd 2:0:0:0: [sda] Write Protect is off
[    5.760065] sd 2:0:1:0: Attached scsi generic sg1 type 0
[    5.762142] sd 2:0:0:0: [sda] Incomplete mode parameter data
[    5.762324] sd 2:0:1:0: [sdb] 20480 512-byte logical blocks: (10.5 MB/10.0 MiB)
[    5.763073] sd 2:0:0:0: [sda] Assuming drive cache: write through
[    5.768514] sd 2:0:1:0: [sdb] Write Protect is off
[    5.769459] sd 2:0:1:0: [sdb] Incomplete mode parameter data
[    5.770208] sd 2:0:1:0: [sdb] Assuming drive cache: write through
[    5.774525]  sda: sda1
[    5.776322] sd 2:0:0:0: [sda] Attached SCSI disk
[    5.779468] sd 2:0:1:0: [sdb] Attached SCSI disk
[    5.784294] e1000 0000:00:08.0 eth1: (PCI:33MHz:32-bit) 08:00:27:62:b8:70
[    5.785199] e1000 0000:00:08.0 eth1: Intel(R) PRO/1000 Network Connection
[    5.787041] e1000 0000:00:03.0 enp0s3: renamed from eth0
[    5.803090] e1000 0000:00:08.0 enp0s8: renamed from eth1
Begin: Loading essential drivers ... [    7.288343] raid6: sse2x1   gen()  7850 MB/s
[    7.336330] raid6: sse2x1   xor()  7453 MB/s
[    7.384329] raid6: sse2x2   gen() 14378 MB/s
[    7.432364] raid6: sse2x2   xor()  9593 MB/s
[    7.480308] raid6: sse2x4   gen() 16202 MB/s
[    7.531732] raid6: sse2x4   xor()  4199 MB/s
[    7.580309] raid6: avx2x1   gen() 16077 MB/s
[    7.628284] raid6: avx2x1   xor() 13030 MB/s
[    7.676290] raid6: avx2x2   gen() 19591 MB/s
[    7.724328] raid6: avx2x2   xor() 12686 MB/s
[    7.772294] raid6: avx2x4   gen() 20690 MB/s
[    7.820247] raid6: avx2x4   xor()  9617 MB/s
[    7.820949] raid6: using algorithm avx2x4 gen() 20690 MB/s
[    7.821753] raid6: .... xor() 9617 MB/s, rmw enabled
[    7.822485] raid6: using avx2x2 recovery algorithm
[    7.824909] xor: automatically using best checksumming function   avx       
[    7.827861] async_tx: api initialized (async)
done.
Begin: Running /scripts/init-premount ... done.
Begin: Mounting root file system ... Begin: Running /scripts/local-top ... done.
Begin: Running /scripts/local-premount ... [    7.873916] Btrfs loaded, crc32c=crc32c-intel
Scanning for Btrfs filesystems
done.
Warning: fsck not present, so skipping root file system
[    7.904620] EXT4-fs (sda1): mounted filesystem with ordered data mode. Opts: (null)
done.
Begin: Running /scripts/local-bottom ... done.
Begin: Running /scripts/init-bottom ... done.
[    8.081407] ip_tables: (C) 2000-2006 Netfilter Core Team
[    8.092423] systemd[1]: systemd 237 running in system mode. (+PAM +AUDIT +SELINUX +IMA +APPARMOR +SMACK +SYSVINIT +UTMP +LIBCRYPTSETUP +GCRYPT +GNUTLS +ACL +XZ +LZ4 +SECCOMP +BLKID +ELFUTILS +KMOD -IDN2 +IDN -PCRE2 default-hierarchy=hybrid)
[    8.096086] systemd[1]: Detected virtualization oracle.
[    8.097035] systemd[1]: Detected architecture x86-64.

Welcome to [1mUbuntu 18.04.6 LTS[0m!

[    8.103945] systemd[1]: Set hostname to <ubuntu>.
[    8.107857] systemd[1]: Initializing machine ID from random generator.
[    8.109285] systemd[1]: Installed transient /etc/machine-id file.
[    8.429473] systemd[1]: Reached target Swap.
[[0;32m  OK  [0m] Reached target Swap.
[    8.433117] systemd[1]: Set up automount Arbitrary Executable File Formats File System Automount Point.
[[0;32m  OK  [0m] Set up automount Arbitrary Executab…rmats File System Automount Point.
[    8.441277] systemd[1]: Created slice System Slice.
[[0;32m  OK  [0m] Created slice System Slice.
[    8.444151] systemd[1]: Listening on Device-mapper event daemon FIFOs.
[[0;32m  OK  [0m] Listening on Device-mapper event daemon FIFOs.
[[0;32m  OK  [0m] Listening on Network Service Netlink Socket.
[[0;32m  OK  [0m] Listening on udev Kernel Socket.
[[0;32m  OK  [0m] Listening on udev Control Socket.
[[0;32m  OK  [0m] Listening on Journal Socket (/dev/log).
[[0;32m  OK  [0m] Listening on LVM2 metadata daemon socket.
[[0;32m  OK  [0m] Reached target User and Group Name Lookups.
[[0;32m  OK  [0m] Listening on Syslog Socket.
[[0;32m  OK  [0m] Listening on Journal Socket.
         Starting udev Coldplug all Devices...
         Starting Load Kernel Modules...
         Starting Set the console keyboard layout...
         Starting Uncomplicated firewall...
         Mounting Huge Pages File System...
[    8.512242] Loading iSCSI transport class v2.0-870.
         Starting Monitoring of LVM2 mirrors…ng dmeventd or progress polling...
[[0;32m  OK  [0m] Listening on fsck to fsckd communication Socket.
         Starting File System Check on Root Device...
[[0;32m  OK  [0m] Reached target System Time Synchronized.
[[0;32m  OK  [0m] Listening on Journal Audit Socket.
         Starting Journal Service...
[[0;32m  OK  [0m] Listening on /dev/initctl Compatibility Named Pipe.
[    8.553833] iscsi: registered transport (tcp)
         Mounting Kernel Debug File System...
[[0;32m  OK  [0m] Started Forward Password Requests to Wall Directory Watch.
[[0;32m  OK  [0m] Created slice system-serial\x2dgetty.slice.
[[0;32m  OK  [0m] Listening on LVM2 poll daemon socket.
[[0;32m  OK  [0m] Created slice User and Session Slice.
[[0;32m  OK  [0m] Reached target Slices.
         Mounting POSIX Message Queue File System...
         Starting Create list of required st…ce nodes for the current kernel...
[[0;32m  OK  [0m] Started Uncomplicated firewall.
[[0;32m  OK  [0m] Mounted Huge Pages File System.
[[0;32m  OK  [0m] Mounted Kernel Debug File System.
[[0;32m  OK  [0m] Mounted POSIX Message Queue File System.
[[0;32m  OK  [0m] Started File System Check Daemon to report status.
[[0;32m  OK  [0m] Started udev Coldplug all Devices.
[[0;32m  OK  [0m] Started Create list of required sta…vice nodes for the current kernel.
         Starting Create Static Device Nodes in /dev...
[[0;32m  OK  [0m] Started LVM2 metadata daemon.
[[0;32m  OK  [0m] Started Journal Service.
[[0;32m  OK  [0m] Started Create Static Device Nodes in /dev.
[[0;32m  OK  [0m] Started File System Check on Root Device.
[    8.720403] iscsi: registered transport (iser)
[[0;32m  OK  [0m] Started Load Kernel Modules.
         Starting Apply Kernel Variables...
         Mounting FUSE Control File System...
         Mounting Kernel Configuration File System...
         Starting Remount Root and Kernel File Systems...
[[0;32m  OK  [0m] Mounted FUSE Control File System.
[[0;32m  OK  [0m] Mounted Kernel Configuration File System.
[[0;32m  OK  [0m] Started Monitoring of LVM2 mirrors,…sing dmeventd or progress polling.
[[0;32m  OK  [0m] Started Apply Kernel Variables.
[[0;32m  OK  [0m] Started Remount Root and Kernel File Systems.
         Starting udev Kernel Device Manager...
         Starting Load/Save Random Seed...
         Starting Flush Journal to Persistent Storage...
[[0;32m  OK  [0m] Started Load/Save Random Seed.
[[0;32m  OK  [0m] Started udev Kernel Device Manager.
[[0;32m  OK  [0m] Started Flush Journal to Persistent Storage.
[[0;32m  OK  [0m] Found device /dev/ttyS0.
[[0;32m  OK  [0m] Listening on Load/Save RF Kill Switch Status /dev/rfkill Watch.
         Mounting Arbitrary Executable File Formats File System...
[[0;32m  OK  [0m] Mounted Arbitrary Executable File Formats File System.
[[0;32m  OK  [0m] Started Set the console keyboard layout.
[[0;32m  OK  [0m] Started Dispatch Password Requests to Console Directory Watch.
[[0;32m  OK  [0m] Reached target Local Encrypted Volumes.
[[0;32m  OK  [0m] Reached target Local File Systems (Pre).
[[0;32m  OK  [0m] Reached target Local File Systems.
         Starting Commit a transient machine-id on disk...
         Starting ebtables ruleset management...
         Starting AppArmor initialization...
         Starting Tell Plymouth To Write Out Runtime Data...
         Starting Create Volatile Files and Directories...
         Starting Set console font and keymap...
[[0;32m  OK  [0m] Started Tell Plymouth To Write Out Runtime Data.
[[0;32m  OK  [0m] Started Set console font and keymap.
[[0;32m  OK  [0m] Started Create Volatile Files and Directories.
         Starting Update UTMP about System Boot/Shutdown...
[[0;32m  OK  [0m] Started Commit a transient machine-id on disk.
[[0;32m  OK  [0m] Started Update UTMP about System Boot/Shutdown.
[[0;32m  OK  [0m] Started ebtables ruleset management.
[[0;32m  OK  [0m] Started AppArmor initialization.
         Starting Load AppArmor profiles managed internally by snapd...
         Starting Initial cloud-init job (pre-networking)...
[[0;32m  OK  [0m] Started Load AppArmor profiles managed internally by snapd.
[   11.479009] cloud-init[679]: Cloud-init v. 22.3.4-0ubuntu1~18.04.1 running 'init-local' at Fri, 17 Feb 2023 14:24:49 +0000. Up 11.13 seconds.
[[0;32m  OK  [0m] Started Initial cloud-init job (pre-networking).
[[0;32m  OK  [0m] Reached target Network (Pre).
         Starting Network Service...
[[0;32m  OK  [0m] Started Network Service.
         Starting Wait for Network to be Configured...
         Starting Network Name Resolution...
[[0;32m  OK  [0m] Started Network Name Resolution.
[[0;32m  OK  [0m] Reached target Host and Network Name Lookups.
[[0;32m  OK  [0m] Reached target Network.
[[0;32m  OK  [0m] Started Wait for Network to be Configured.
         Starting Initial cloud-init job (metadata service crawler)...
[   13.410073] cloud-init[800]: Cloud-init v. 22.3.4-0ubuntu1~18.04.1 running 'init' at Fri, 17 Feb 2023 14:24:52 +0000. Up 13.25 seconds.
[   13.414578] cloud-init[800]: ci-info: ++++++++++++++++++++++++++++++++++++++Net device info+++++++++++++++++++++++++++++++++++++++
[   13.417031] cloud-init[800]: ci-info: +--------+-------+----------------------------+---------------+--------+-------------------+
[   13.419081] cloud-init[800]: ci-info: | Device |   Up  |          Address           |      Mask     | Scope  |     Hw-Address    |
[   13.420617] cloud-init[800]: ci-info: +--------+-------+----------------------------+---------------+--------+-------------------+
[   13.422853] cloud-init[800]: ci-info: | enp0s3 |  True |         10.0.2.15          | 255.255.255.0 | global | 02:cf:fd:ba:38:06 |
[   13.424749] cloud-init[800]: ci-info: | enp0s3 |  True | fe80::cf:fdff:feba:3806/64 |       .       |  link  | 02:cf:fd:ba:38:06 |
[   13.426435] cloud-init[800]: ci-info: | enp0s8 | False |             .              |       .       |   .    | 08:00:27:62:b8:70 |
[   13.428183] cloud-init[800]: ci-info: |   lo   |  True |         127.0.0.1          |   255.0.0.0   |  host  |         .         |
[   13.430015] cloud-init[800]: ci-info: |   lo   |  True |          ::1/128           |       .       |  host  |         .         |
[   13.431807] cloud-init[800]: ci-info: +--------+-------+----------------------------+---------------+--------+-------------------+
[   13.433649] cloud-init[800]: ci-info: ++++++++++++++++++++++++++++Route IPv4 info+++++++++++++++++++++++++++++
[   13.435266] cloud-init[800]: ci-info: +-------+-------------+----------+-----------------+-----------+-------+
[   13.436756] cloud-init[800]: ci-info: | Route | Destination | Gateway  |     Genmask     | Interface | Flags |
[   13.438324] cloud-init[800]: ci-info: +-------+-------------+----------+-----------------+-----------+-------+
[   13.439717] cloud-init[800]: ci-info: |   0   |   0.0.0.0   | 10.0.2.2 |     0.0.0.0     |   enp0s3  |   UG  |
[   13.441113] cloud-init[800]: ci-info: |   1   |   10.0.2.0  | 0.0.0.0  |  255.255.255.0  |   enp0s3  |   U   |
[   13.442482] cloud-init[800]: ci-info: |   2   |   10.0.2.2  | 0.0.0.0  | 255.255.255.255 |   enp0s3  |   UH  |
[   13.443886] cloud-init[800]: ci-info: +-------+-------------+----------+-----------------+-----------+-------+
[   13.445388] cloud-init[800]: ci-info: +++++++++++++++++++Route IPv6 info+++++++++++++++++++
[   13.446467] cloud-init[800]: ci-info: +-------+-------------+---------+-----------+-------+
[   13.447699] cloud-init[800]: ci-info: | Route | Destination | Gateway | Interface | Flags |
[   13.448963] cloud-init[800]: ci-info: +-------+-------------+---------+-----------+-------+
[   13.450238] cloud-init[800]: ci-info: |   1   |  fe80::/64  |    ::   |   enp0s3  |   U   |
[   13.451691] cloud-init[800]: ci-info: |   3   |    local    |    ::   |   enp0s3  |   U   |
[   13.465070] cloud-init[800]: ci-info: |   4   |   ff00::/8  |    ::   |   enp0s3  |   U   |
[   13.466391] cloud-init[800]: ci-info: +-------+-------------+---------+-----------+-------+
[   14.974854] cloud-init[800]: Generating public/private rsa key pair.
[   14.975968] cloud-init[800]: Your identification has been saved in /etc/ssh/ssh_host_rsa_key.
[   14.977143] cloud-init[800]: Your public key has been saved in /etc/ssh/ssh_host_rsa_key.pub.
[   14.978228] cloud-init[800]: The key fingerprint is:
[   14.978998] cloud-init[800]: SHA256:kyZ3wE0JVkGOHHpicnevEuI/17KmLpUsk2ctFL3HoOE root@ubuntu-bionic
[   14.980287] cloud-init[800]: The key's randomart image is:
[   14.981233] cloud-init[800]: +---[RSA 2048]----+
[   14.982067] cloud-init[800]: |        +==o     |
[   14.982757] cloud-init[800]: |       =o*+      |
[   14.983512] cloud-init[800]: |    . =.B+++     |
[   14.984383] cloud-init[800]: |     + +E+..o    |
[   14.985217] cloud-init[800]: |      o+So...    |
[   14.986068] cloud-init[800]: |     .+=B+..     |
[   14.986676] cloud-init[800]: |      .*....     |
[   14.987337] cloud-init[800]: |      ....+ .    |
[   14.988017] cloud-init[800]: |       o+=.o     |
[   14.988588] cloud-init[800]: +----[SHA256]-----+
[   14.989171] cloud-init[800]: Generating public/private dsa key pair.
[   14.989912] cloud-init[800]: Your identification has been saved in /etc/ssh/ssh_host_dsa_key.
[   14.990929] cloud-init[800]: Your public key has been saved in /etc/ssh/ssh_host_dsa_key.pub.
[   14.991941] cloud-init[800]: The key fingerprint is:
[   14.992835] cloud-init[800]: SHA256:kEBcnECmiowRBqhWU7bwhG7fjXdYVDvcoB+/gBm4ZTk root@ubuntu-bionic
[   14.994960] cloud-init[800]: The key's randomart image is:
[   14.996037] cloud-init[800]: +---[DSA 1024]----+
[   14.997182] cloud-init[800]: |=. =OB..    .o   |
[   14.998298] cloud-init[800]: |o. **.+.  ..+ +  |
[   14.999351] cloud-init[800]: |o + .oo  ..E = . |
[   15.000552] cloud-init[800]: |=+ o   .  +.* +  |
[   15.001652] cloud-init[800]: |=.. . . S.oo o . |
[   15.002752] cloud-init[800]: |     . o + .  . .|
[   15.003763] cloud-init[800]: |        . .    . |
[   15.004926] cloud-init[800]: |                 |
[   15.006012] cloud-init[800]: |                 |
[   15.007115] cloud-init[800]: +----[SHA256]-----+
[   15.008130] cloud-init[800]: Generating public/private ecdsa key pair.
[   15.009414] cloud-init[800]: Your identification has been saved in /etc/ssh/ssh_host_ecdsa_key.
[   15.010842] cloud-init[800]: Your public key has been saved in /etc/ssh/ssh_host_ecdsa_key.pub.
[   15.012349] cloud-init[800]: The key fingerprint is:
[   15.013243] cloud-init[800]: SHA256:FdIPmjWxqyII8ZemLTN/i9hPycaDto/boT4m6KYb5jU root@ubuntu-bionic
[   15.014512] cloud-init[800]: The key's randomart image is:
[   15.015335] cloud-init[800]: +---[ECDSA 256]---+
[   15.016107] cloud-init[800]: |        ..o.     |
[   15.017190] cloud-init[800]: |         .=o     |
[   15.018143] cloud-init[800]: |.        +o+     |
[   15.018985] cloud-init[800]: | o   .  o. ..    |
[   15.020194] cloud-init[800]: |. . +   S .      |
[   15.021786] cloud-init[800]: | . * + . .       |
[   15.022966] cloud-init[800]: |.o*E= X .        |
[   15.024018] cloud-init[800]: |+ooO+X.+         |
[   15.025033] cloud-init[800]: |*+.+X*=.         |
[   15.025814] cloud-init[800]: +----[SHA256]-----+
[   15.026599] cloud-init[800]: Generating public/private ed25519 key pair.
[   15.027567] cloud-init[800]: Your identification has been saved in /etc/ssh/ssh_host_ed25519_key.
[   15.028781] cloud-init[800]: Your public key has been saved in /etc/ssh/ssh_host_ed25519_key.pub.
[   15.030092] cloud-init[800]: The key fingerprint is:
[   15.030922] cloud-init[800]: SHA256:e+Sov+mroeaJqFVSz+3xxEq0jNUxY168X6PpUZ14tFs root@ubuntu-bionic
[   15.032184] cloud-init[800]: The key's randomart image is:
[   15.033080] cloud-init[800]: +--[ED25519 256]--+
[   15.033812] cloud-init[800]: |          =..    |
[   15.034523] cloud-init[800]: |         + =.  . |
[   15.035216] cloud-init[800]: |    .   o o  .o +|
[   15.036004] cloud-init[800]: |   . o * o  .. *E|
[   15.036816] cloud-init[800]: |  . . + S +  .=.+|
[   15.037613] cloud-init[800]: |   o   o X   +.. |
[   15.038387] cloud-init[800]: |  .   . = + . .  |
[   15.039146] cloud-init[800]: | o ..o o o   .   |
[   15.039903] cloud-init[800]: |+ .o+ o+*o       |
[   15.040759] cloud-init[800]: +----[SHA256]-----+
[[0;32m  OK  [0m] Started Initial cloud-init job (metadata service crawler).
[[0;32m  OK  [0m] Reached target Network is Online.
         Starting Availability of block devices...
[[0;32m  OK  [0m] Reached target Remote File Systems (Pre).
[[0;32m  OK  [0m] Reached target Remote File Systems.
[[0;32m  OK  [0m] Reached target Cloud-config availability.
[[0;32m  OK  [0m] Reached target System Initialization.
[[0;32m  OK  [0m] Started Discard unused blocks once a week.
[[0;32m  OK  [0m] Started Daily apt download activities.
[[0;32m  OK  [0m] Listening on D-Bus System Message Bus Socket.
         Starting LXD - unix socket.
[[0;32m  OK  [0m] Listening on cloud-init hotplug hook socket.
[[0;32m  OK  [0m] Started Ubuntu Advantage Timer for running repeated jobs.
[[0;32m  OK  [0m] Listening on ACPID Listen Socket.
[[0;32m  OK  [0m] Started ACPI Events Check.
[[0;32m  OK  [0m] Reached target Paths.
[[0;32m  OK  [0m] Started Daily apt upgrade and clean activities.
[[0;32m  OK  [0m] Listening on Open-iSCSI iscsid Socket.
[[0;32m  OK  [0m] Started Message of the Day.
         Starting Socket activation for snappy daemon.
[[0;32m  OK  [0m] Started Daily Cleanup of Temporary Directories.
[[0;32m  OK  [0m] Reached target Timers.
[[0;32m  OK  [0m] Listening on UUID daemon activation socket.
[[0;32m  OK  [0m] Started Availability of block devices.
[[0;32m  OK  [0m] Listening on LXD - unix socket.
[[0;32m  OK  [0m] Listening on Socket activation for snappy daemon.
[[0;32m  OK  [0m] Reached target Sockets.
[[0;32m  OK  [0m] Reached target Basic System.
         Starting Pollinate to seed the pseudo random number generator...
         Starting System Logging Service...
[[0;32m  OK  [0m] Reached target Login Prompts (Pre).
         Starting LSB: automatic crash report generation...
         Starting LXD - container startup/shutdown...
         Starting Accounts Service...
[[0;32m  OK  [0m] Started Deferred execution scheduler.
[[0;32m  OK  [0m] Started FUSE filesystem for LXC.
         Starting Dispatcher daemon for systemd-networkd...
         Starting Login Service...
[[0;32m  OK  [0m] Started irqbalance daemon.
[[0;32m  OK  [0m] Started Regular background program processing daemon.
         Starting LSB: Record successful boot for GRUB...
         Starting Snap Daemon...
         Starting Permit User Sessions...
[[0;32m  OK  [0m] Started D-Bus System Message Bus.
[[0;32m  OK  [0m] Started Login Service.
[[0;32m  OK  [0m] Started Unattended Upgrades Shutdown.
         Starting Virtualbox guest utils...
[[0;32m  OK  [0m] Started System Logging Service.
[[0;32m  OK  [0m] Started LXD - container startup/shutdown.
[[0;32m  OK  [0m] Started Permit User Sessions.
         Starting Hold until boot process finishes up...
         Starting Terminate Plymouth Boot Screen...
[[0;32m  OK  [0m] Started Hold until boot process finishes up.
         Starting Set console scheme...
[[0;32m  OK  [0m] Started Serial Getty on ttyS0.
[[0;32m  OK  [0m] Started Terminate Plymouth Boot Screen.
[[0;32m  OK  [0m] Started Set console scheme.
[[0;32m  OK  [0m] Created slice system-getty.slice.
[[0;32m  OK  [0m] Started Getty on tty1.
[[0;32m  OK  [0m] Reached target Login Prompts.
[[0;32m  OK  [0m] Started LSB: automatic crash report generation.
         Starting Authorization Manager...
[[0;32m  OK  [0m] Started Authorization Manager.
[[0;32m  OK  [0m] Started Accounts Service.
[[0;32m  OK  [0m] Started LSB: Record successful boot for GRUB.
[[0;32m  OK  [0m] Started Virtualbox guest utils.
[[0;32m  OK  [0m] Started Dispatcher daemon for systemd-networkd.
[[0;32m  OK  [0m] Started Snap Daemon.
         Starting Wait until snapd is fully seeded...
         Starting Time & Date Service...
[[0;32m  OK  [0m] Started Time & Date Service.
[[0;32m  OK  [0m] Started Pollinate to seed the pseudo random number generator.
         Starting OpenBSD Secure Shell server...
[[0;32m  OK  [0m] Started OpenBSD Secure Shell server.
[[0;32m  OK  [0m] Created slice User Slice of vagrant.
         Starting User Manager for UID 1000...
[[0;32m  OK  [0m] Started Session 1 of user vagrant.
[[0;32m  OK  [0m] Started Wait until snapd is fully seeded.
         Starting Apply the settings specified in cloud-config...
[[0;32m  OK  [0m] Started User Manager for UID 1000.
[   18.535817] cloud-init[1363]: Cloud-init v. 22.3.4-0ubuntu1~18.04.1 running 'modules:config' at Fri, 17 Feb 2023 14:24:56 +0000. Up 17.95 seconds.
[[0;32m  OK  [0m] Started Apply the settings specified in cloud-config.
[[0;32m  OK  [0m] Reached target Multi-User System.
[[0;32m  OK  [0m] Reached target Graphical Interface.
         Starting Update UTMP about System Runlevel Changes...
         Starting Execute cloud user/final scripts...
[[0;32m  OK  [0m] Started Update UTMP about System Runlevel Changes.
ci-info: no authorized SSH keys fingerprints found for user ubuntu.
<14>Feb 17 14:24:58 cloud-init: #############################################################
<14>Feb 17 14:24:58 cloud-init: -----BEGIN SSH HOST KEY FINGERPRINTS-----
<14>Feb 17 14:24:58 cloud-init: 1024 SHA256:kEBcnECmiowRBqhWU7bwhG7fjXdYVDvcoB+/gBm4ZTk root@ubuntu-bionic (DSA)
<14>Feb 17 14:24:58 cloud-init: 256 SHA256:FdIPmjWxqyII8ZemLTN/i9hPycaDto/boT4m6KYb5jU root@ubuntu-bionic (ECDSA)
<14>Feb 17 14:24:58 cloud-init: 256 SHA256:e+Sov+mroeaJqFVSz+3xxEq0jNUxY168X6PpUZ14tFs root@ubuntu-bionic (ED25519)
<14>Feb 17 14:24:58 cloud-init: 2048 SHA256:kyZ3wE0JVkGOHHpicnevEuI/17KmLpUsk2ctFL3HoOE root@ubuntu-bionic (RSA)
<14>Feb 17 14:24:58 cloud-init: -----END SSH HOST KEY FINGERPRINTS-----
<14>Feb 17 14:24:58 cloud-init: #############################################################
-----BEGIN SSH HOST KEY KEYS-----
ecdsa-sha2-nistp256 AAAAE2VjZHNhLXNoYTItbmlzdHAyNTYAAAAIbmlzdHAyNTYAAABBBPUmzaSNt3bnDTpJfOzat/qeZ3y5qwUZad3PUbgxuLYYCuUTjcjuMHTHYfb52aDb08g9Vn4JOHiF7dfiFJw4hhA= root@ubuntu-bionic
ssh-ed25519 AAAAC3NzaC1lZDI1NTE5AAAAIK0E5N2J2wh8sOBM2Q57ZNRo6AyrzBTQKquSA3jXIg+H root@ubuntu-bionic
ssh-rsa AAAAB3NzaC1yc2EAAAADAQABAAABAQDCwLGVzOV8bQIai5OckbEQW9ZDwPp+1UA9vguK/suCP1VhZUh9GXVunkRliLdVsyYMDSSPzIPFaWyarWhpZU1/kMPlFC9NZnC4eyg5W3vBKQHL39sDUyJAzn/VDkMXu5bt9G7rGmDihu3VVnM4LOpjqrjglz6ilSA18Ce41kOAbl8bHApFoCF6jN0rUzgXOKQ/DkdSVHdM7IWm7xKrG5/gEiK4Z7+QLrQFQ4awThFeBcJUOoiUWbAWpCaNGmh0jMZUM+UYiDsD/rS1jUb4dITwiW0Yj44S0PQ1muB6gfWF4N07bxaABo/efTQeLAfa52dnwy7BEPpON6Feb5heyja5 root@ubuntu-bionic
-----END SSH HOST KEY KEYS-----
[   19.529635] cloud-init[1460]: Cloud-init v. 22.3.4-0ubuntu1~18.04.1 running 'modules:final' at Fri, 17 Feb 2023 14:24:58 +0000. Up 19.27 seconds.
[   19.531007] cloud-init[1460]: Cloud-init v. 22.3.4-0ubuntu1~18.04.1 finished at Fri, 17 Feb 2023 14:24:58 +0000. Datasource DataSourceNoCloud [seed=/dev/sdb][dsmode=net].  Up 19.52 seconds
[[0;32m  OK  [0m] Started Execute cloud user/final scripts.
[[0;32m  OK  [0m] Reached target Cloud-init target.

Ubuntu 18.04.6 LTS ubuntu-bionic ttyS0

ubuntu-bionic login:          Stopping Authorization Manager...
[[0;32m  OK  [0m] Closed Load/Save RF Kill Switch Status /dev/rfkill Watch.
[[0;32m  OK  [0m] Stopped target Timers.
[[0;32m  OK  [0m] Stopped Message of the Day.
[[0;32m  OK  [0m] Stopped Daily apt upgrade and clean activities.
[[0;32m  OK  [0m] Stopped Daily apt download activities.
[[0;32m  OK  [0m] Stopped Clean PHP session files every 30 mins.
         Stopping User Manager for UID 1000...
         Stopping Availability of block devices...
[[0;32m  OK  [0m] Stopped target Graphical Interface.
         Stopping Accounts Service...
[[0;32m  OK  [0m] Stopped Daily Cleanup of Temporary Directories.
[[0;32m  OK  [0m] Stopped target Cloud-init target.
[[0;32m  OK  [0m] Stopped Execute cloud user/final scripts.
[[0;32m  OK  [0m] Stopped target Multi-User System.
         Stopping LSB: automatic crash report generation...
         Stopping Dispatcher daemon for systemd-networkd...
         Stopping Virtualbox guest utils...
         Stopping Regular background program processing daemon...
         Stopping FUSE filesystem for LXC...
         Stopping Deferred execution scheduler...
         Stopping LSB: Record successful boot for GRUB...
         Stopping The Apache HTTP Server...
         Stopping OpenBSD Secure Shell server...
[[0;32m  OK  [0m] Stopped target Login Prompts.
         Stopping Getty on tty1...
         Stopping Serial Getty on ttyS0...
         Stopping irqbalance daemon...
         Stopping LXD - container startup/shutdown...
[[0;32m  OK  [0m] Stopped Apply the settings specified in cloud-config.
[[0;32m  OK  [0m] Stopped Wait until snapd is fully seeded.
[[0;32m  OK  [0m] Stopped target Cloud-config availability.
         Stopping D-Bus System Message Bus...
[[0;32m  OK  [0m] Stopped Discard unused blocks once a week.
[[0;32m  OK  [0m] Stopped target System Time Synchronized.
         Stopping Session 7 of user vagrant.
         Stopping System Logging Service...
[[0;32m  OK  [0m] Stopped Ubuntu Advantage Timer for running repeated jobs.
         Stopping MySQL Community Server...
[[0;32m  OK  [0m] Unmounted /var/lib/lxcfs.
[[0;32m  OK  [0m] Stopped Accounts Service.
[[0;32m  OK  [0m] Stopped Deferred execution scheduler.
[[0;32m  OK  [0m] Stopped Dispatcher daemon for systemd-networkd.
[[0;32m  OK  [0m] Stopped irqbalance daemon.
[[0;32m  OK  [0m] Stopped Regular background program processing daemon.
[[0;32m  OK  [0m] Stopped Serial Getty on ttyS0.
[[0;32m  OK  [0m] Stopped Getty on tty1.
[[0;32m  OK  [0m] Stopped System Logging Service.
[[0;32m  OK  [0m] Stopped Authorization Manager.
[[0;32m  OK  [0m] Stopped OpenBSD Secure Shell server.
[[0;32m  OK  [0m] Stopped User Manager for UID 1000.
[[0;32m  OK  [0m] Stopped D-Bus System Message Bus.
[[0;32m  OK  [0m] Stopped FUSE filesystem for LXC.
[[0;32m  OK  [0m] Stopped Session 7 of user vagrant.
[[0;32m  OK  [0m] Stopped Availability of block devices.
[[0;32m  OK  [0m] Stopped LXD - container startup/shutdown.
[[0;32m  OK  [0m] Removed slice User Slice of vagrant.
         Stopping Login Service...
[[0;32m  OK  [0m] Removed slice system-getty.slice.
         Stopping Permit User Sessions...
[[0;32m  OK  [0m] Stopped target Login Prompts (Pre).
[[0;32m  OK  [0m] Removed slice system-serial\x2dgetty.slice.
[[0;32m  OK  [0m] Stopped Permit User Sessions.
[[0;32m  OK  [0m] Stopped Login Service.
[[0;32m  OK  [0m] Stopped target User and Group Name Lookups.
[[0;32m  OK  [0m] Stopped LSB: Record successful boot for GRUB.
[[0;32m  OK  [0m] Stopped LSB: automatic crash report generation.
[[0;32m  OK  [0m] Stopped Virtualbox guest utils.
[[0;32m  OK  [0m] Stopped The Apache HTTP Server.
[[0;32m  OK  [0m] Stopped target Host and Network Name Lookups.
[[0;32m  OK  [0m] Stopped target Remote File Systems.
         Unmounting /vagrant...
         Unmounting /vagrant_data...
[[0;32m  OK  [0m] Unmounted /vagrant.
[[0;32m  OK  [0m] Unmounted /vagrant_data.
[[0;32m  OK  [0m] Stopped target Remote File Systems (Pre).
[[0;32m  OK  [0m] Stopped target Network is Online.
[[0;32m  OK  [0m] Stopped MySQL Community Server.
[[0;32m  OK  [0m] Stopped target Network.
         Stopping Network Name Resolution...
[[0;32m  OK  [0m] Stopped target Basic System.
[[0;32m  OK  [0m] Stopped target Slices.
[[0;32m  OK  [0m] Removed slice User and Session Slice.
[[0;32m  OK  [0m] Stopped target Sockets.
[[0;32m  OK  [0m] Closed Socket activation for snappy daemon.
[[0;32m  OK  [0m] Closed Open-iSCSI iscsid Socket.
[[0;32m  OK  [0m] Closed cloud-init hotplug hook socket.
[[0;32m  OK  [0m] Closed ACPID Listen Socket.
[[0;32m  OK  [0m] Closed LXD - unix socket.
[[0;32m  OK  [0m] Closed UUID daemon activation socket.
[[0;32m  OK  [0m] Closed Syslog Socket.
[[0;32m  OK  [0m] Closed D-Bus System Message Bus Socket.
[[0;32m  OK  [0m] Stopped target Paths.
[[0;32m  OK  [0m] Stopped ACPI Events Check.
[[0;32m  OK  [0m] Stopped target System Initialization.
         Stopping Load/Save Random Seed...
[[0;32m  OK  [0m] Stopped Commit a transient machine-id on disk.
[[0;32m  OK  [0m] Stopped Initial cloud-init job (metadata service crawler).
[[0;32m  OK  [0m] Stopped target Local Encrypted Volumes.
[[0;32m  OK  [0m] Stopped Dispatch Password Requests to Console Directory Watch.
[[0;32m  OK  [0m] Stopped Forward Password Requests to Wall Directory Watch.
         Stopping Update UTMP about System Boot/Shutdown...
[[0;32m  OK  [0m] Stopped Network Name Resolution.
[[0;32m  OK  [0m] Stopped Load/Save Random Seed.
         Stopping Network Service...
[[0;32m  OK  [0m] Stopped Update UTMP about System Boot/Shutdown.
[[0;32m  OK  [0m] Stopped Create Volatile Files and Directories.
[[0;32m  OK  [0m] Stopped target Local File Systems.
         Unmounting /run/user/1000...
[[0;32m  OK  [0m] Unmounted /run/user/1000.
[[0;32m  OK  [0m] Reached target Unmount All Filesystems.
[[0;32m  OK  [0m] Stopped target Swap.
[[0;32m  OK  [0m] Stopped target Local File Systems (Pre).
[[0;32m  OK  [0m] Stopped Create Static Device Nodes in /dev.
         Stopping Monitoring of LVM2 mirrors…ng dmeventd or progress polling...
[[0;32m  OK  [0m] Stopped Network Service.
[[0;32m  OK  [0m] Stopped target Network (Pre).
[[0;32m  OK  [0m] Stopped Initial cloud-init job (pre-networking).
[[0;32m  OK  [0m] Stopped Remount Root and Kernel File Systems.
[[0;32m  OK  [0m] Stopped Apply Kernel Variables.
[[0;32m  OK  [0m] Stopped Load Kernel Modules.
[[0;32m  OK  [0m] Reached target Shutdown.
[[0;32m  OK  [0m] Reached target Final Step.
         Starting Power-Off...
[  562.302205] reboot: Power down
